1613731831892	geckodriver	INFO	Listening on 127.0.0.1:58258
1613731834931	mozrunner::runner	INFO	Running command: "C:\\Program Files\\Mozilla Firefox\\firefox.exe" "--marionette" "-foreground" "-no-remote" "-profile" "C:\\Users\\vidya\\AppData\\Local\\Temp\\rust_mozprofilezjoxqr"
JavaScript error: resource://gre/modules/XULStore.jsm, line 66: Error: Can't find profile directory.
1613731849090	Marionette	INFO	Listening on port 58268
1613731849568	Marionette	WARN	TLS certificate errors will be ignored for this session
JavaScript error: https://www.eayur.com/js/ebaraha.js, line 208: TypeError: $cache.offset() is undefined
JavaScript error: https://www.eayur.com/, line 523: ReferenceError: Varien is not defined
JavaScript error: https://www.eayur.com/, line 343: TypeError: document.getElementById(...) is null
JavaScript error: https://static-v.tawk.to/709/app.js, line 250: TypeError: this.getBrowserData is not a function
JavaScript error: https://static-v.tawk.to/709/app.js, line 675: SyntaxError: JSON.parse: unexpected end of data at line 1 column 1 of the JSON data
JavaScript error: https://www.eayur.com/js/ebaraha.js, line 208: TypeError: $cache.offset() is undefined
JavaScript error: https://www.eayur.com/login.htm, line 496: ReferenceError: Varien is not defined
JavaScript error: https://www.eayur.com/login.htm, line 316: TypeError: document.getElementById(...) is null
1613731875608	Marionette	INFO	Stopped listening on port 58268

###!!! [Child][RunMessage] Error: Channel closing: too late to send/recv, messages will be lost


###!!! [Child][MessageChannel::SendAndWait] Error: Channel error: cannot send/recv

1613733450289	geckodriver	INFO	Listening on 127.0.0.1:53327
1613733453276	mozrunner::runner	INFO	Running command: "C:\\Program Files\\Mozilla Firefox\\firefox.exe" "--marionette" "-foreground" "-no-remote" "-profile" "C:\\Users\\vidya\\AppData\\Local\\Temp\\rust_mozprofileuC1HGB"
JavaScript error: resource://gre/modules/XULStore.jsm, line 66: Error: Can't find profile directory.
1613733457121	Marionette	INFO	Listening on port 53336
1613733457462	Marionette	WARN	TLS certificate errors will be ignored for this session
JavaScript error: https://www.eayur.com/js/ebaraha.js, line 208: TypeError: $cache.offset() is undefined
JavaScript error: https://www.eayur.com/, line 523: ReferenceError: Varien is not defined
JavaScript error: https://static-v.tawk.to/709/app.js, line 250: TypeError: this.getBrowserData is not a function
JavaScript error: https://static-v.tawk.to/709/app.js, line 675: SyntaxError: JSON.parse: unexpected end of data at line 1 column 1 of the JSON data
JavaScript error: https://www.eayur.com/js/ebaraha.js, line 208: TypeError: $cache.offset() is undefined
JavaScript error: https://www.eayur.com/login.htm, line 496: ReferenceError: Varien is not defined
JavaScript error: https://www.eayur.com/login.htm, line 316: TypeError: document.getElementById(...) is null
JavaScript error: https://www.eayur.com/js/ebaraha.js, line 208: TypeError: $cache.offset() is undefined
JavaScript error: https://www.eayur.com/, line 525: ReferenceError: Varien is not defined
JavaScript error: https://www.eayur.com/, line 343: TypeError: document.getElementById(...) is null
console.error: "Store does not have a valid reducer. Make sure the argument passed to combineReducers is an object whose values are reducers."
1613736089779	Marionette	INFO	Stopped listening on port 53336

###!!! [Child][RunMessage] Error: Channel closing: too late to send/recv, messages will be lost


###!!! [Child][MessageChannel::SendAndWait] Error: Channel error: cannot send/recv

Temp\\rust_mozprofileBGsXHf"
JavaScript error: resource://gre/modules/XULStore.jsm, line 66: Error: Can't find profile directory.
1613733654327	Marionette	INFO	Listening on port 53536
1613733654797	Marionette	WARN	TLS certificate errors will be ignored for this session
JavaScript error: https://www.eayur.com/js/ebaraha.js, line 208: TypeError: $cache.offset() is undefined
JavaScript error: https://www.eayur.com/, line 523: ReferenceError: Varien is not defined
JavaScript error: https://www.eayur.com/, line 343: TypeError: document.getElementById(...) is null
JavaScript error: https://static-v.tawk.to/709/app.js, line 250: TypeError: this.getBrowserData is not a function
JavaScript error: https://static-v.tawk.to/709/app.js, line 675: SyntaxError: JSON.parse: unexpected end of data at line 1 column 1 of the JSON data
JavaScript error: https://www.eayur.com/js/ebaraha.js, line 208: TypeError: $cache.offset() is undefined
JavaScript error: https://www.eayur.com/login.htm, line 496: ReferenceError: Varien is not defined
JavaScript error: https://www.eayur.com/login.htm, line 316: TypeError: document.getElementById(...) is null
JavaScript error: https://www.eayur.com/js/ebaraha.js, line 208: TypeError: $cache.offset() is undefined
JavaScript error: https://www.eayur.com/, line 525: ReferenceError: Varien is not defined
JavaScript error: https://www.eayur.com/, line 343: TypeError: document.getElementById(...) is null
1613736090668	Marionette	INFO	Stopped listening on port 53536

###!!! [Child][RunMessage] Error: Channel closing: too late to send/recv, messages will be lost


###!!! [Child][MessageChannel::SendAndWait] Error: Channel error: cannot send/recv

Temp\\rust_mozprofileciZAJ9"
JavaScript error: resource://gre/modules/XULStore.jsm, line 66: Error: Can't find profile directory.
1613733727071	Marionette	INFO	Listening on port 53637
1613733727493	Marionette	WARN	TLS certificate errors will be ignored for this session
JavaScript error: https://www.eayur.com/js/ebaraha.js, line 208: TypeError: $cache.offset() is undefined
JavaScript error: https://www.eayur.com/, line 523: ReferenceError: Varien is not defined
JavaScript error: https://www.eayur.com/, line 343: TypeError: document.getElementById(...) is null
JavaScript error: https://static-v.tawk.to/709/app.js, line 250: TypeError: this.getBrowserData is not a function
JavaScript error: https://static-v.tawk.to/709/app.js, line 675: SyntaxError: JSON.parse: unexpected end of data at line 1 column 1 of the JSON data
JavaScript error: https://www.eayur.com/js/ebaraha.js, line 208: TypeError: $cache.offset() is undefined
JavaScript error: https://www.eayur.com/login.htm, line 496: ReferenceError: Varien is not defined
JavaScript error: https://www.eayur.com/login.htm, line 316: TypeError: document.getElementById(...) is null
JavaScript error: https://www.eayur.com/js/ebaraha.js, line 208: TypeError: $cache.offset() is undefined
JavaScript error: https://www.eayur.com/, line 525: ReferenceError: Varien is not defined
JavaScript error: https://www.eayur.com/, line 343: TypeError: document.getElementById(...) is null
JavaScript error: https://www.eayur.com/js/ebaraha.js, line 208: TypeError: $cache.offset() is undefined
JavaScript error: https://www.eayur.com/, line 523: ReferenceError: Varien is not defined
JavaScript error: https://www.eayur.com/, line 343: TypeError: document.getElementById(...) is null
1613733759368	Marionette	INFO	Stopped listening on port 53637

###!!! [Child][RunMessage] Error: Channel closing: too late to send/recv, messages will be lost


###!!! [Child][MessageChannel::SendAndWait] Error: Channel error: cannot send/recv

1613734216378	geckodriver	INFO	Listening on 127.0.0.1:54058
1613734219368	mozrunner::runner	INFO	Running command: "C:\\Program Files\\Mozilla Firefox\\firefox.exe" "--marionette" "-foreground" "-no-remote" "-profile" "C:\\Users\\vidya\\AppData\\Local\\Temp\\rust_mozprofileZtFBqI"
JavaScript error: resource://gre/modules/XULStore.jsm, line 66: Error: Can't find profile directory.
1613734223582	Marionette	INFO	Listening on port 54068
1613734223658	Marionette	WARN	TLS certificate errors will be ignored for this session
JavaScript error: https://www.eayur.com/js/ebaraha.js, line 208: TypeError: $cache.offset() is undefined
JavaScript error: https://www.eayur.com/, line 523: ReferenceError: Varien is not defined
JavaScript error: https://static-v.tawk.to/709/app.js, line 250: TypeError: this.getBrowserData is not a function
JavaScript error: https://static-v.tawk.to/709/app.js, line 675: SyntaxError: JSON.parse: unexpected end of data at line 1 column 1 of the JSON data
JavaScript error: https://www.eayur.com/js/ebaraha.js, line 208: TypeError: $cache.offset() is undefined
JavaScript error: https://www.eayur.com/login.htm, line 496: ReferenceError: Varien is not defined
JavaScript error: https://www.eayur.com/login.htm, line 316: TypeError: document.getElementById(...) is null
JavaScript error: https://www.eayur.com/js/ebaraha.js, line 208: TypeError: $cache.offset() is undefined
JavaScript error: https://www.eayur.com/, line 525: ReferenceError: Varien is not defined
JavaScript error: https://www.eayur.com/, line 343: TypeError: document.getElementById(...) is null
JavaScript error: https://www.eayur.com/js/ebaraha.js, line 208: TypeError: $cache.offset() is undefined
JavaScript error: https://www.eayur.com/, line 523: ReferenceError: Varien is not defined
JavaScript error: https://www.eayur.com/, line 343: TypeError: document.getElementById(...) is null
1613736092162	Marionette	INFO	Stopped listening on port 54068

###!!! [Child][RunMessage] Error: Channel closing: too late to send/recv, messages will be lost


###!!! [Child][MessageChannel::SendAndWait] Error: Channel error: cannot send/recv

Temp\\rust_mozprofileadVJcE"
JavaScript error: resource://gre/modules/XULStore.jsm, line 66: Error: Can't find profile directory.
1613734825150	Marionette	INFO	Listening on port 54492
1613734825446	Marionette	WARN	TLS certificate errors will be ignored for this session
JavaScript error: https://www.eayur.com/js/ebaraha.js, line 208: TypeError: $cache.offset() is undefined
JavaScript error: https://www.eayur.com/, line 523: ReferenceError: Varien is not defined
JavaScript error: https://www.eayur.com/, line 343: TypeError: document.getElementById(...) is null
JavaScript error: https://static-v.tawk.to/709/app.js, line 250: TypeError: this.getBrowserData is not a function
JavaScript error: https://static-v.tawk.to/709/app.js, line 675: SyntaxError: JSON.parse: unexpected end of data at line 1 column 1 of the JSON data
JavaScript error: https://www.eayur.com/js/ebaraha.js, line 208: TypeError: $cache.offset() is undefined
JavaScript error: https://www.eayur.com/login.htm, line 496: ReferenceError: Varien is not defined
JavaScript error: https://www.eayur.com/login.htm, line 316: TypeError: document.getElementById(...) is null
JavaScript error: https://www.eayur.com/js/ebaraha.js, line 208: TypeError: $cache.offset() is undefined
JavaScript error: https://www.eayur.com/, line 525: ReferenceError: Varien is not defined
JavaScript error: https://www.eayur.com/, line 343: TypeError: document.getElementById(...) is null
JavaScript error: https://www.eayur.com/js/ebaraha.js, line 208: TypeError: $cache.offset() is undefined
JavaScript error: https://www.eayur.com/, line 523: ReferenceError: Varien is not defined
JavaScript error: https://www.eayur.com/, line 343: TypeError: document.getElementById(...) is null
1613734856545	Marionette	INFO	Stopped listening on port 54492
IPDL protocol error: Handler returned error code!

###!!! [Parent][DispatchAsyncMessage] Error: PLayerTransaction::Msg_ReleaseLayer Processing error: message was deserialized, but the handler returned false (indicating failure)


###!!! [Child][RunMessage] Error: Channel closing: too late to send/recv, messages will be lost


###!!! [Child][MessageChannel::SendAndWait] Error: Channel error: cannot send/recv

1613735833925	geckodriver	INFO	Listening on 127.0.0.1:62521
1613735836918	mozrunner::runner	INFO	Running command: "C:\\Program Files\\Mozilla Firefox\\firefox.exe" "--marionette" "-foreground" "-no-remote" "-profile" "C:\\Users\\vidya\\AppData\\Local\\Temp\\rust_mozprofileAejbyt"
JavaScript error: resource://gre/modules/XULStore.jsm, line 66: Error: Can't find profile directory.
1613735840626	Marionette	INFO	Listening on port 62530
1613735841089	Marionette	WARN	TLS certificate errors will be ignored for this session
JavaScript error: https://www.eayur.com/js/ebaraha.js, line 208: TypeError: $cache.offset() is undefined
JavaScript error: https://www.eayur.com/, line 523: ReferenceError: Varien is not defined
JavaScript error: https://static-v.tawk.to/709/app.js, line 250: TypeError: this.getBrowserData is not a function
JavaScript error: https://static-v.tawk.to/709/app.js, line 675: SyntaxError: JSON.parse: unexpected end of data at line 1 column 1 of the JSON data
JavaScript error: https://www.eayur.com/js/ebaraha.js, line 208: TypeError: $cache.offset() is undefined
JavaScript error: https://www.eayur.com/login.htm, line 496: ReferenceError: Varien is not defined
JavaScript error: https://www.eayur.com/login.htm, line 316: TypeError: document.getElementById(...) is null
JavaScript error: https://www.eayur.com/js/ebaraha.js, line 208: TypeError: $cache.offset() is undefined
JavaScript error: https://www.eayur.com/, line 525: ReferenceError: Varien is not defined
JavaScript error: https://www.eayur.com/, line 343: TypeError: document.getElementById(...) is null
JavaScript error: https://www.eayur.com/js/ebaraha.js, line 208: TypeError: $cache.offset() is undefined
JavaScript error: https://www.eayur.com/, line 523: ReferenceError: Varien is not defined
JavaScript error: https://www.eayur.com/, line 343: TypeError: document.getElementById(...) is null
1613735870547	Marionette	INFO	Stopped listening on port 62530
IPDL protocol error: Handler returned error code!

###!!! [Parent][DispatchAsyncMessage] Error: PLayerTransaction::Msg_ReleaseLayer Processing error: message was deserialized, but the handler returned false (indicating failure)


###!!! [Child][RunMessage] Error: Channel closing: too late to send/recv, messages will be lost


###!!! [Child][MessageChannel::SendAndWait] Error: Channel error: cannot send/recv

1613736011674	geckodriver	INFO	Listening on 127.0.0.1:62674
1613736014629	mozrunner::runner	INFO	Running command: "C:\\Program Files\\Mozilla Firefox\\firefox.exe" "--marionette" "-foreground" "-no-remote" "-profile" "C:\\Users\\vidya\\AppData\\Local\\Temp\\rust_mozprofileK3vqo4"
JavaScript error: resource://gre/modules/XULStore.jsm, line 66: Error: Can't find profile directory.
1613736018282	Marionette	INFO	Listening on port 62683
1613736018309	Marionette	WARN	TLS certificate errors will be ignored for this session
JavaScript error: https://www.eayur.com/js/ebaraha.js, line 208: TypeError: $cache.offset() is undefined
JavaScript error: https://www.eayur.com/, line 523: ReferenceError: Varien is not defined
JavaScript error: https://static-v.tawk.to/709/app.js, line 250: TypeError: this.getBrowserData is not a function
JavaScript error: https://static-v.tawk.to/709/app.js, line 675: SyntaxError: JSON.parse: unexpected end of data at line 1 column 1 of the JSON data
JavaScript error: https://www.eayur.com/js/ebaraha.js, line 208: TypeError: $cache.offset() is undefined
JavaScript error: https://www.eayur.com/login.htm, line 496: ReferenceError: Varien is not defined
JavaScript error: https://www.eayur.com/login.htm, line 316: TypeError: document.getElementById(...) is null
JavaScript error: https://www.eayur.com/js/ebaraha.js, line 208: TypeError: $cache.offset() is undefined
JavaScript error: https://www.eayur.com/, line 525: ReferenceError: Varien is not defined
JavaScript error: https://www.eayur.com/, line 343: TypeError: document.getElementById(...) is null
JavaScript error: https://www.eayur.com/js/ebaraha.js, line 208: TypeError: $cache.offset() is undefined
JavaScript error: https://www.eayur.com/, line 523: ReferenceError: Varien is not defined
JavaScript error: https://www.eayur.com/, line 343: TypeError: document.getElementById(...) is null
1613736048514	Marionette	INFO	Stopped listening on port 62683

###!!! [Child][RunMessage] Error: Channel closing: too late to send/recv, messages will be lost


###!!! [Child][MessageChannel::SendAndWait] Error: Channel error: cannot send/recv

1613736096610	geckodriver	INFO	Listening on 127.0.0.1:62784
1613736099594	mozrunner::runner	INFO	Running command: "C:\\Program Files\\Mozilla Firefox\\firefox.exe" "--marionette" "-foreground" "-no-remote" "-profile" "C:\\Users\\vidya\\AppData\\Local\\Temp\\rust_mozprofile5uHtTk"
JavaScript error: resource://gre/modules/XULStore.jsm, line 66: Error: Can't find profile directory.
1613736103124	Marionette	INFO	Listening on port 62794
1613736103282	Marionette	WARN	TLS certificate errors will be ignored for this session
JavaScript error: https://www.eayur.com/js/ebaraha.js, line 208: TypeError: $cache.offset() is undefined
JavaScript error: https://www.eayur.com/, line 523: ReferenceError: Varien is not defined
JavaScript error: https://static-v.tawk.to/709/app.js, line 250: TypeError: this.getBrowserData is not a function
JavaScript error: https://static-v.tawk.to/709/app.js, line 675: SyntaxError: JSON.parse: unexpected end of data at line 1 column 1 of the JSON data
JavaScript error: https://www.eayur.com/js/ebaraha.js, line 208: TypeError: $cache.offset() is undefined
JavaScript error: https://www.eayur.com/login.htm, line 496: ReferenceError: Varien is not defined
JavaScript error: https://www.eayur.com/login.htm, line 316: TypeError: document.getElementById(...) is null
JavaScript error: https://www.eayur.com/js/ebaraha.js, line 208: TypeError: $cache.offset() is undefined
JavaScript error: https://www.eayur.com/, line 525: ReferenceError: Varien is not defined
JavaScript error: https://www.eayur.com/, line 343: TypeError: document.getElementById(...) is null
JavaScript error: https://www.eayur.com/js/ebaraha.js, line 208: TypeError: $cache.offset() is undefined
JavaScript error: https://www.eayur.com/, line 523: ReferenceError: Varien is not defined
JavaScript error: https://www.eayur.com/, line 343: TypeError: document.getElementById(...) is null
1613736133181	Marionette	INFO	Stopped listening on port 62794

###!!! [Child][RunMessage] Error: Channel closing: too late to send/recv, messages will be lost


###!!! [Child][MessageChannel::SendAndWait] Error: Channel error: cannot send/recv

1614658358141	geckodriver	INFO	Listening on 127.0.0.1:54837
1614658361038	mozrunner::runner	INFO	Running command: "C:\\Program Files\\Mozilla Firefox\\firefox.exe" "--marionette" "-foreground" "-no-remote" "-profile" "C:\\Users\\vidya\\AppData\\Local\\Temp\\rust_mozprofileaV1Q3S"
JavaScript error: resource://gre/modules/XULStore.jsm, line 66: Error: Can't find profile directory.
1614658387673	Marionette	INFO	Listening on port 54845
1614658387816	Marionette	WARN	TLS certificate errors will be ignored for this session
JavaScript error: https://www.eayur.com/js/ebaraha.js, line 208: TypeError: $cache.offset() is undefined
JavaScript error: https://www.eayur.com/, line 523: ReferenceError: Varien is not defined
JavaScript error: https://www.eayur.com/, line 343: TypeError: document.getElementById(...) is null
JavaScript error: https://www.eayur.com/js/ebaraha.js, line 208: TypeError: $cache.offset() is undefined
JavaScript error: https://www.eayur.com/login.htm, line 496: ReferenceError: Varien is not defined
JavaScript error: https://www.eayur.com/login.htm, line 316: TypeError: document.getElementById(...) is null
JavaScript error: https://www.eayur.com/js/ebaraha.js, line 208: TypeError: $cache.offset() is undefined
JavaScript error: https://www.eayur.com/, line 525: ReferenceError: Varien is not defined
JavaScript error: https://www.eayur.com/, line 343: TypeError: document.getElementById(...) is null
JavaScript error: https://www.eayur.com/js/ebaraha.js, line 208: TypeError: $cache.offset() is undefined
JavaScript error: https://www.eayur.com/, line 523: ReferenceError: Varien is not defined
JavaScript error: https://www.eayur.com/, line 343: TypeError: document.getElementById(...) is null
1614658422803	Marionette	INFO	Stopped listening on port 54845

###!!! [Child][RunMessage] Error: Channel closing: too late to send/recv, messages will be lost


###!!! [Child][RunMessage] Error: Channel closing: too late to send/recv, messages will be lost


###!!! [Child][MessageChannel::SendAndWait] Error: Channel error: cannot send/recv

